# Logfile created on 2016-06-11 10:14:39 -0400 by logger.rb/47272
I, [2016-06-11T10:17:39.026257 #51879]  INFO -- : 2016-06-11T10:17:39-0400: [Worker(host:Gregs-MBP.home pid:51879)] Starting job worker
I, [2016-06-11T10:17:39.057938 #51879]  INFO -- : 2016-06-11T10:17:39-0400: [Worker(host:Gregs-MBP.home pid:51879)] Job ActiveJob::QueueAdapters::DelayedJobAdapter::JobWrapper (id=1) RUNNING
I, [2016-06-11T10:17:39.388842 #51879]  INFO -- : 2016-06-11T10:17:39-0400: [Worker(host:Gregs-MBP.home pid:51879)] Job ActiveJob::QueueAdapters::DelayedJobAdapter::JobWrapper (id=1) COMPLETED after 0.3308
I, [2016-06-11T10:17:39.392286 #51879]  INFO -- : 2016-06-11T10:17:39-0400: [Worker(host:Gregs-MBP.home pid:51879)] Job ActiveJob::QueueAdapters::DelayedJobAdapter::JobWrapper (id=2) RUNNING
I, [2016-06-11T10:17:39.395094 #51879]  INFO -- : 2016-06-11T10:17:39-0400: [Worker(host:Gregs-MBP.home pid:51879)] Job ActiveJob::QueueAdapters::DelayedJobAdapter::JobWrapper (id=2) COMPLETED after 0.0027
I, [2016-06-11T10:17:39.398155 #51879]  INFO -- : 2016-06-11T10:17:39-0400: [Worker(host:Gregs-MBP.home pid:51879)] Job ActiveJob::QueueAdapters::DelayedJobAdapter::JobWrapper (id=3) RUNNING
I, [2016-06-11T10:17:39.402584 #51879]  INFO -- : 2016-06-11T10:17:39-0400: [Worker(host:Gregs-MBP.home pid:51879)] Job ActiveJob::QueueAdapters::DelayedJobAdapter::JobWrapper (id=3) COMPLETED after 0.0043
I, [2016-06-11T10:17:39.405888 #51879]  INFO -- : 2016-06-11T10:17:39-0400: [Worker(host:Gregs-MBP.home pid:51879)] Job ActiveJob::QueueAdapters::DelayedJobAdapter::JobWrapper (id=4) RUNNING
I, [2016-06-11T10:17:39.410063 #51879]  INFO -- : 2016-06-11T10:17:39-0400: [Worker(host:Gregs-MBP.home pid:51879)] Job ActiveJob::QueueAdapters::DelayedJobAdapter::JobWrapper (id=4) COMPLETED after 0.0040
I, [2016-06-11T10:17:39.414052 #51879]  INFO -- : 2016-06-11T10:17:39-0400: [Worker(host:Gregs-MBP.home pid:51879)] Job ActiveJob::QueueAdapters::DelayedJobAdapter::JobWrapper (id=5) RUNNING
I, [2016-06-11T10:17:39.416066 #51879]  INFO -- : 2016-06-11T10:17:39-0400: [Worker(host:Gregs-MBP.home pid:51879)] Job ActiveJob::QueueAdapters::DelayedJobAdapter::JobWrapper (id=5) COMPLETED after 0.0019
I, [2016-06-11T10:17:39.425200 #51879]  INFO -- : 2016-06-11T10:17:39-0400: [Worker(host:Gregs-MBP.home pid:51879)] Job ActiveJob::QueueAdapters::DelayedJobAdapter::JobWrapper (id=6) RUNNING
I, [2016-06-11T10:17:39.428950 #51879]  INFO -- : 2016-06-11T10:17:39-0400: [Worker(host:Gregs-MBP.home pid:51879)] Job ActiveJob::QueueAdapters::DelayedJobAdapter::JobWrapper (id=6) COMPLETED after 0.0035
I, [2016-06-11T10:17:39.429814 #51879]  INFO -- : 2016-06-11T10:17:39-0400: [Worker(host:Gregs-MBP.home pid:51879)] 6 jobs processed at 14.8874 j/s, 0 failed
I, [2016-06-11T10:18:37.712343 #51879]  INFO -- : 2016-06-11T10:18:37-0400: [Worker(host:Gregs-MBP.home pid:51879)] Exiting...
I, [2016-06-11T10:18:38.112356 #51879]  INFO -- : 2016-06-11T10:18:38-0400: [Worker(host:Gregs-MBP.home pid:51879)] Exiting...
I, [2016-06-11T10:18:38.288542 #51879]  INFO -- : 2016-06-11T10:18:38-0400: [Worker(host:Gregs-MBP.home pid:51879)] Exiting...
I, [2016-06-11T10:18:38.480383 #51879]  INFO -- : 2016-06-11T10:18:38-0400: [Worker(host:Gregs-MBP.home pid:51879)] Exiting...
I, [2016-06-11T10:18:47.258948 #51923]  INFO -- : 2016-06-11T10:18:47-0400: [Worker(host:Gregs-MBP.home pid:51923)] Starting job worker
I, [2016-06-11T10:18:47.286263 #51923]  INFO -- : 2016-06-11T10:18:47-0400: [Worker(host:Gregs-MBP.home pid:51923)] Job ActiveJob::QueueAdapters::DelayedJobAdapter::JobWrapper (id=7) RUNNING
I, [2016-06-11T10:18:47.595260 #51923]  INFO -- : 2016-06-11T10:18:47-0400: [Worker(host:Gregs-MBP.home pid:51923)] Job ActiveJob::QueueAdapters::DelayedJobAdapter::JobWrapper (id=7) COMPLETED after 0.3089
I, [2016-06-11T10:18:47.596147 #51923]  INFO -- : 2016-06-11T10:18:47-0400: [Worker(host:Gregs-MBP.home pid:51923)] 1 jobs processed at 2.9672 j/s, 0 failed
I, [2016-06-11T10:19:47.655319 #51923]  INFO -- : 2016-06-11T10:19:47-0400: [Worker(host:Gregs-MBP.home pid:51923)] Job ActiveJob::QueueAdapters::DelayedJobAdapter::JobWrapper (id=8) RUNNING
I, [2016-06-11T10:19:47.658415 #51923]  INFO -- : 2016-06-11T10:19:47-0400: [Worker(host:Gregs-MBP.home pid:51923)] Job ActiveJob::QueueAdapters::DelayedJobAdapter::JobWrapper (id=8) COMPLETED after 0.0030
I, [2016-06-11T10:19:47.659398 #51923]  INFO -- : 2016-06-11T10:19:47-0400: [Worker(host:Gregs-MBP.home pid:51923)] 1 jobs processed at 60.9681 j/s, 0 failed
I, [2016-06-11T10:20:47.709882 #51923]  INFO -- : 2016-06-11T10:20:47-0400: [Worker(host:Gregs-MBP.home pid:51923)] Job ActiveJob::QueueAdapters::DelayedJobAdapter::JobWrapper (id=9) RUNNING
I, [2016-06-11T10:20:47.713146 #51923]  INFO -- : 2016-06-11T10:20:47-0400: [Worker(host:Gregs-MBP.home pid:51923)] Job ActiveJob::QueueAdapters::DelayedJobAdapter::JobWrapper (id=9) COMPLETED after 0.0029
I, [2016-06-11T10:20:47.714159 #51923]  INFO -- : 2016-06-11T10:20:47-0400: [Worker(host:Gregs-MBP.home pid:51923)] 1 jobs processed at 110.7449 j/s, 0 failed
I, [2016-06-11T10:21:47.765642 #51923]  INFO -- : 2016-06-11T10:21:47-0400: [Worker(host:Gregs-MBP.home pid:51923)] Job ActiveJob::QueueAdapters::DelayedJobAdapter::JobWrapper (id=10) RUNNING
I, [2016-06-11T10:21:47.769047 #51923]  INFO -- : 2016-06-11T10:21:47-0400: [Worker(host:Gregs-MBP.home pid:51923)] Job ActiveJob::QueueAdapters::DelayedJobAdapter::JobWrapper (id=10) COMPLETED after 0.0031
I, [2016-06-11T10:21:47.772161 #51923]  INFO -- : 2016-06-11T10:21:47-0400: [Worker(host:Gregs-MBP.home pid:51923)] Job ActiveJob::QueueAdapters::DelayedJobAdapter::JobWrapper (id=11) RUNNING
I, [2016-06-11T10:21:47.774219 #51923]  INFO -- : 2016-06-11T10:21:47-0400: [Worker(host:Gregs-MBP.home pid:51923)] Job ActiveJob::QueueAdapters::DelayedJobAdapter::JobWrapper (id=11) COMPLETED after 0.0019
I, [2016-06-11T10:21:47.777195 #51923]  INFO -- : 2016-06-11T10:21:47-0400: [Worker(host:Gregs-MBP.home pid:51923)] Job ActiveJob::QueueAdapters::DelayedJobAdapter::JobWrapper (id=12) RUNNING
I, [2016-06-11T10:21:47.779201 #51923]  INFO -- : 2016-06-11T10:21:47-0400: [Worker(host:Gregs-MBP.home pid:51923)] Job ActiveJob::QueueAdapters::DelayedJobAdapter::JobWrapper (id=12) COMPLETED after 0.0019
I, [2016-06-11T10:21:47.780170 #51923]  INFO -- : 2016-06-11T10:21:47-0400: [Worker(host:Gregs-MBP.home pid:51923)] 3 jobs processed at 152.5431 j/s, 0 failed
I, [2016-06-11T10:23:06.376939 #51923]  INFO -- : 2016-06-11T10:23:06-0400: [Worker(host:Gregs-MBP.home pid:51923)] Exiting...
I, [2016-06-11T10:23:06.528964 #51923]  INFO -- : 2016-06-11T10:23:06-0400: [Worker(host:Gregs-MBP.home pid:51923)] Exiting...
I, [2016-06-11T10:23:06.696608 #51923]  INFO -- : 2016-06-11T10:23:06-0400: [Worker(host:Gregs-MBP.home pid:51923)] Exiting...
I, [2016-06-11T10:23:06.848973 #51923]  INFO -- : 2016-06-11T10:23:06-0400: [Worker(host:Gregs-MBP.home pid:51923)] Exiting...
I, [2016-06-11T10:23:07.065024 #51923]  INFO -- : 2016-06-11T10:23:07-0400: [Worker(host:Gregs-MBP.home pid:51923)] Exiting...
I, [2016-06-11T10:23:16.152073 #51923]  INFO -- : 2016-06-11T10:23:16-0400: [Worker(host:Gregs-MBP.home pid:51923)] Exiting...
I, [2016-06-11T10:23:16.319353 #51923]  INFO -- : 2016-06-11T10:23:16-0400: [Worker(host:Gregs-MBP.home pid:51923)] Exiting...
I, [2016-06-11T10:23:16.535787 #51923]  INFO -- : 2016-06-11T10:23:16-0400: [Worker(host:Gregs-MBP.home pid:51923)] Exiting...
I, [2016-06-11T10:23:16.712085 #51923]  INFO -- : 2016-06-11T10:23:16-0400: [Worker(host:Gregs-MBP.home pid:51923)] Exiting...
I, [2016-06-11T10:23:16.963171 #51923]  INFO -- : 2016-06-11T10:23:16-0400: [Worker(host:Gregs-MBP.home pid:51923)] Exiting...
I, [2016-06-11T10:23:16.998167 #51923]  INFO -- : 2016-06-11T10:23:16-0400: [Worker(host:Gregs-MBP.home pid:51923)] Exiting...
I, [2016-06-11T10:23:17.031385 #51923]  INFO -- : 2016-06-11T10:23:17-0400: [Worker(host:Gregs-MBP.home pid:51923)] Exiting...
I, [2016-06-11T10:23:17.065038 #51923]  INFO -- : 2016-06-11T10:23:17-0400: [Worker(host:Gregs-MBP.home pid:51923)] Exiting...
I, [2016-06-11T10:23:17.098825 #51923]  INFO -- : 2016-06-11T10:23:17-0400: [Worker(host:Gregs-MBP.home pid:51923)] Exiting...
I, [2016-06-11T10:23:17.132317 #51923]  INFO -- : 2016-06-11T10:23:17-0400: [Worker(host:Gregs-MBP.home pid:51923)] Exiting...
I, [2016-06-11T10:23:17.165730 #51923]  INFO -- : 2016-06-11T10:23:17-0400: [Worker(host:Gregs-MBP.home pid:51923)] Exiting...
I, [2016-06-11T10:23:17.199253 #51923]  INFO -- : 2016-06-11T10:23:17-0400: [Worker(host:Gregs-MBP.home pid:51923)] Exiting...
I, [2016-06-11T10:23:17.232948 #51923]  INFO -- : 2016-06-11T10:23:17-0400: [Worker(host:Gregs-MBP.home pid:51923)] Exiting...
I, [2016-06-11T10:23:17.266306 #51923]  INFO -- : 2016-06-11T10:23:17-0400: [Worker(host:Gregs-MBP.home pid:51923)] Exiting...
I, [2016-06-11T10:23:17.299461 #51923]  INFO -- : 2016-06-11T10:23:17-0400: [Worker(host:Gregs-MBP.home pid:51923)] Exiting...
I, [2016-06-11T10:23:17.333468 #51923]  INFO -- : 2016-06-11T10:23:17-0400: [Worker(host:Gregs-MBP.home pid:51923)] Exiting...
I, [2016-06-11T10:23:17.366611 #51923]  INFO -- : 2016-06-11T10:23:17-0400: [Worker(host:Gregs-MBP.home pid:51923)] Exiting...
I, [2016-06-11T10:23:17.400783 #51923]  INFO -- : 2016-06-11T10:23:17-0400: [Worker(host:Gregs-MBP.home pid:51923)] Exiting...
I, [2016-06-11T10:23:17.433753 #51923]  INFO -- : 2016-06-11T10:23:17-0400: [Worker(host:Gregs-MBP.home pid:51923)] Exiting...
I, [2016-06-11T10:23:17.467172 #51923]  INFO -- : 2016-06-11T10:23:17-0400: [Worker(host:Gregs-MBP.home pid:51923)] Exiting...
I, [2016-06-11T10:23:17.500823 #51923]  INFO -- : 2016-06-11T10:23:17-0400: [Worker(host:Gregs-MBP.home pid:51923)] Exiting...
I, [2016-06-11T10:24:04.652357 #52086]  INFO -- : 2016-06-11T10:24:04-0400: [Worker(host:Gregs-MBP.home pid:52086)] Starting job worker
I, [2016-06-11T10:25:04.736489 #52086]  INFO -- : 2016-06-11T10:25:04-0400: [Worker(host:Gregs-MBP.home pid:52086)] Job ActiveJob::QueueAdapters::DelayedJobAdapter::JobWrapper (id=13) RUNNING
I, [2016-06-11T10:25:05.131183 #52086]  INFO -- : 2016-06-11T10:25:05-0400: [Worker(host:Gregs-MBP.home pid:52086)] Job ActiveJob::QueueAdapters::DelayedJobAdapter::JobWrapper (id=13) COMPLETED after 0.3945
I, [2016-06-11T10:25:05.133102 #52086]  INFO -- : 2016-06-11T10:25:05-0400: [Worker(host:Gregs-MBP.home pid:52086)] 1 jobs processed at 2.4051 j/s, 0 failed
I, [2016-06-11T10:27:05.218855 #52086]  INFO -- : 2016-06-11T10:27:05-0400: [Worker(host:Gregs-MBP.home pid:52086)] Job ActiveJob::QueueAdapters::DelayedJobAdapter::JobWrapper (id=14) RUNNING
I, [2016-06-11T10:27:05.226785 #52086]  INFO -- : 2016-06-11T10:27:05-0400: [Worker(host:Gregs-MBP.home pid:52086)] Job ActiveJob::QueueAdapters::DelayedJobAdapter::JobWrapper (id=14) COMPLETED after 0.0078
I, [2016-06-11T10:27:05.227790 #52086]  INFO -- : 2016-06-11T10:27:05-0400: [Worker(host:Gregs-MBP.home pid:52086)] 1 jobs processed at 44.0416 j/s, 0 failed
I, [2016-06-11T10:38:34.504176 #52086]  INFO -- : 2016-06-11T10:38:34-0400: [Worker(host:Gregs-MBP.home pid:52086)] Job ActiveJob::QueueAdapters::DelayedJobAdapter::JobWrapper (id=15) RUNNING
I, [2016-06-11T10:38:34.506984 #52086]  INFO -- : 2016-06-11T10:38:34-0400: [Worker(host:Gregs-MBP.home pid:52086)] Job ActiveJob::QueueAdapters::DelayedJobAdapter::JobWrapper (id=15) COMPLETED after 0.0027
I, [2016-06-11T10:38:34.507886 #52086]  INFO -- : 2016-06-11T10:38:34-0400: [Worker(host:Gregs-MBP.home pid:52086)] 1 jobs processed at 117.5229 j/s, 0 failed
I, [2016-06-11T10:54:36.760182 #52086]  INFO -- : 2016-06-11T10:54:36-0400: [Worker(host:Gregs-MBP.home pid:52086)] Job ActiveJob::QueueAdapters::DelayedJobAdapter::JobWrapper (id=16) RUNNING
I, [2016-06-11T10:54:40.398350 #52086]  INFO -- : 2016-06-11T10:54:40-0400: [Worker(host:Gregs-MBP.home pid:52086)] Job ActiveJob::QueueAdapters::DelayedJobAdapter::JobWrapper (id=16) COMPLETED after 3.6380
I, [2016-06-11T10:54:40.401763 #52086]  INFO -- : 2016-06-11T10:54:40-0400: [Worker(host:Gregs-MBP.home pid:52086)] Job ActiveJob::QueueAdapters::DelayedJobAdapter::JobWrapper (id=17) RUNNING
I, [2016-06-11T10:54:43.684444 #52086]  INFO -- : 2016-06-11T10:54:43-0400: [Worker(host:Gregs-MBP.home pid:52086)] Job ActiveJob::QueueAdapters::DelayedJobAdapter::JobWrapper (id=17) COMPLETED after 3.2825
I, [2016-06-11T10:54:43.685862 #52086]  INFO -- : 2016-06-11T10:54:43-0400: [Worker(host:Gregs-MBP.home pid:52086)] 2 jobs processed at 0.2886 j/s, 0 failed
I, [2016-06-11T11:16:46.568576 #52086]  INFO -- : 2016-06-11T11:16:46-0400: [Worker(host:Gregs-MBP.home pid:52086)] Exiting...
